  MyGame.cpp
D:\MyGame\MyGame\MyGame.cpp(141,27): warning C4244: 'initializing': conversion from 'float' to 'const int', possible loss of data
D:\MyGame\MyGame\MyGame.cpp(253,32): warning C4244: '=': conversion from 'const int' to 'float', possible loss of data
D:\MyGame\MyGame\MyGame.cpp(602,46): warning C4244: 'argument': conversion from 'int' to 'float', possible loss of data
D:\MyGame\MyGame\MyGame.cpp(606,49): warning C4244: 'argument': conversion from 'int' to 'float', possible loss of data
D:\MyGame\MyGame\MyGame.cpp(671,50): warning C4244: 'argument': conversion from 'int' to 'float', possible loss of data
D:\MyGame\MyGame\MyGame.cpp(674,57): warning C4244: 'argument': conversion from 'int' to 'float', possible loss of data
D:\MyGame\MyGame\MyGame.cpp(682,58): warning C4244: 'argument': conversion from 'int' to 'float', possible loss of data
D:\MyGame\MyGame\MyGame.cpp(692,58): warning C4244: 'argument': conversion from 'int' to 'float', possible loss of data
D:\MyGame\MyGame\MyGame.cpp(703,40): warning C4244: 'argument': conversion from 'int' to 'float', possible loss of data
D:\MyGame\MyGame\MyGame.cpp(706,57): warning C4244: 'argument': conversion from 'int' to 'float', possible loss of data
D:\MyGame\MyGame\MyGame.cpp(713,61): warning C4244: 'argument': conversion from 'int' to 'float', possible loss of data
D:\MyGame\MyGame\MyGame.cpp(723,61): warning C4244: 'argument': conversion from 'int' to 'float', possible loss of data
D:\MyGame\MyGame\MyGame.cpp(1069,51): warning C4244: 'argument': conversion from 'int' to 'T', possible loss of data
D:\MyGame\MyGame\MyGame.cpp(1069,51): warning C4244:         with
D:\MyGame\MyGame\MyGame.cpp(1069,51): warning C4244:         [
D:\MyGame\MyGame\MyGame.cpp(1069,51): warning C4244:             T=float
D:\MyGame\MyGame\MyGame.cpp(1069,51): warning C4244:         ]
D:\MyGame\MyGame\MyGame.cpp(1074,51): warning C4244: 'argument': conversion from 'int' to 'T', possible loss of data
D:\MyGame\MyGame\MyGame.cpp(1074,51): warning C4244:         with
D:\MyGame\MyGame\MyGame.cpp(1074,51): warning C4244:         [
D:\MyGame\MyGame\MyGame.cpp(1074,51): warning C4244:             T=float
D:\MyGame\MyGame\MyGame.cpp(1074,51): warning C4244:         ]
D:\MyGame\MyGame\MyGame.cpp(1079,51): warning C4244: 'argument': conversion from 'int' to 'T', possible loss of data
D:\MyGame\MyGame\MyGame.cpp(1079,51): warning C4244:         with
D:\MyGame\MyGame\MyGame.cpp(1079,51): warning C4244:         [
D:\MyGame\MyGame\MyGame.cpp(1079,51): warning C4244:             T=float
D:\MyGame\MyGame\MyGame.cpp(1079,51): warning C4244:         ]
D:\MyGame\MyGame\MyGame.cpp(1084,51): warning C4244: 'argument': conversion from 'int' to 'T', possible loss of data
D:\MyGame\MyGame\MyGame.cpp(1084,51): warning C4244:         with
D:\MyGame\MyGame\MyGame.cpp(1084,51): warning C4244:         [
D:\MyGame\MyGame\MyGame.cpp(1084,51): warning C4244:             T=float
D:\MyGame\MyGame\MyGame.cpp(1084,51): warning C4244:         ]
D:\MyGame\MyGame\MyGame.cpp(1089,51): warning C4244: 'argument': conversion from 'int' to 'T', possible loss of data
D:\MyGame\MyGame\MyGame.cpp(1089,51): warning C4244:         with
D:\MyGame\MyGame\MyGame.cpp(1089,51): warning C4244:         [
D:\MyGame\MyGame\MyGame.cpp(1089,51): warning C4244:             T=float
D:\MyGame\MyGame\MyGame.cpp(1089,51): warning C4244:         ]
D:\MyGame\MyGame\MyGame.cpp(1094,51): warning C4244: 'argument': conversion from 'int' to 'T', possible loss of data
D:\MyGame\MyGame\MyGame.cpp(1094,51): warning C4244:         with
D:\MyGame\MyGame\MyGame.cpp(1094,51): warning C4244:         [
D:\MyGame\MyGame\MyGame.cpp(1094,51): warning C4244:             T=float
D:\MyGame\MyGame\MyGame.cpp(1094,51): warning C4244:         ]
D:\MyGame\MyGame\MyGame.cpp(1099,51): warning C4244: 'argument': conversion from 'int' to 'T', possible loss of data
D:\MyGame\MyGame\MyGame.cpp(1099,51): warning C4244:         with
D:\MyGame\MyGame\MyGame.cpp(1099,51): warning C4244:         [
D:\MyGame\MyGame\MyGame.cpp(1099,51): warning C4244:             T=float
D:\MyGame\MyGame\MyGame.cpp(1099,51): warning C4244:         ]
D:\MyGame\MyGame\MyGame.cpp(1105,51): warning C4244: 'argument': conversion from 'int' to 'T', possible loss of data
D:\MyGame\MyGame\MyGame.cpp(1105,51): warning C4244:         with
D:\MyGame\MyGame\MyGame.cpp(1105,51): warning C4244:         [
D:\MyGame\MyGame\MyGame.cpp(1105,51): warning C4244:             T=float
D:\MyGame\MyGame\MyGame.cpp(1105,51): warning C4244:         ]
D:\MyGame\MyGame\MyGame.cpp(1110,51): warning C4244: 'argument': conversion from 'int' to 'T', possible loss of data
D:\MyGame\MyGame\MyGame.cpp(1110,51): warning C4244:         with
D:\MyGame\MyGame\MyGame.cpp(1110,51): warning C4244:         [
D:\MyGame\MyGame\MyGame.cpp(1110,51): warning C4244:             T=float
D:\MyGame\MyGame\MyGame.cpp(1110,51): warning C4244:         ]
D:\MyGame\MyGame\MyGame.cpp(1115,51): warning C4244: 'argument': conversion from 'int' to 'T', possible loss of data
D:\MyGame\MyGame\MyGame.cpp(1115,51): warning C4244:         with
D:\MyGame\MyGame\MyGame.cpp(1115,51): warning C4244:         [
D:\MyGame\MyGame\MyGame.cpp(1115,51): warning C4244:             T=float
D:\MyGame\MyGame\MyGame.cpp(1115,51): warning C4244:         ]
D:\MyGame\MyGame\MyGame.cpp(1120,52): warning C4244: 'argument': conversion from 'int' to 'T', possible loss of data
D:\MyGame\MyGame\MyGame.cpp(1120,52): warning C4244:         with
D:\MyGame\MyGame\MyGame.cpp(1120,52): warning C4244:         [
D:\MyGame\MyGame\MyGame.cpp(1120,52): warning C4244:             T=float
D:\MyGame\MyGame\MyGame.cpp(1120,52): warning C4244:         ]
D:\MyGame\MyGame\MyGame.cpp(1125,52): warning C4244: 'argument': conversion from 'int' to 'T', possible loss of data
D:\MyGame\MyGame\MyGame.cpp(1125,52): warning C4244:         with
D:\MyGame\MyGame\MyGame.cpp(1125,52): warning C4244:         [
D:\MyGame\MyGame\MyGame.cpp(1125,52): warning C4244:             T=float
D:\MyGame\MyGame\MyGame.cpp(1125,52): warning C4244:         ]
D:\MyGame\MyGame\MyGame.cpp(1130,52): warning C4244: 'argument': conversion from 'int' to 'T', possible loss of data
D:\MyGame\MyGame\MyGame.cpp(1130,52): warning C4244:         with
D:\MyGame\MyGame\MyGame.cpp(1130,52): warning C4244:         [
D:\MyGame\MyGame\MyGame.cpp(1130,52): warning C4244:             T=float
D:\MyGame\MyGame\MyGame.cpp(1130,52): warning C4244:         ]
D:\MyGame\MyGame\MyGame.cpp(1225,29): warning C4305: 'argument': truncation from 'double' to 'float'
D:\MyGame\MyGame\MyGame.cpp(1225,24): warning C4305: 'argument': truncation from 'double' to 'float'
D:\MyGame\MyGame\MyGame.cpp(1226,29): warning C4305: 'argument': truncation from 'double' to 'float'
D:\MyGame\MyGame\MyGame.cpp(1226,24): warning C4305: 'argument': truncation from 'double' to 'float'
D:\MyGame\MyGame\MyGame.cpp(1227,29): warning C4305: 'argument': truncation from 'double' to 'float'
D:\MyGame\MyGame\MyGame.cpp(1227,24): warning C4305: 'argument': truncation from 'double' to 'float'
D:\MyGame\MyGame\MyGame.cpp(1228,30): warning C4305: 'argument': truncation from 'double' to 'float'
D:\MyGame\MyGame\MyGame.cpp(1228,24): warning C4305: 'argument': truncation from 'double' to 'float'
D:\MyGame\MyGame\MyGame.cpp(1257,45): warning C4244: 'argument': conversion from 'int' to 'float', possible loss of data
D:\MyGame\MyGame\MyGame.cpp(1385,34): warning C4305: '-=': truncation from 'double' to 'float'
D:\MyGame\MyGame\MyGame.cpp(1392,38): warning C4305: '-=': truncation from 'double' to 'float'
D:\MyGame\MyGame\MyGame.cpp(1398,32): warning C4305: '-=': truncation from 'double' to 'float'
D:\MyGame\MyGame\MyGame.cpp(1420,83): warning C4244: 'argument': conversion from 'int' to 'float', possible loss of data
D:\MyGame\MyGame\MyGame.cpp(1421,80): warning C4244: 'argument': conversion from 'int' to 'float', possible loss of data
D:\MyGame\MyGame\MyGame.cpp(1453,41): warning C4244: 'argument': conversion from 'int' to 'float', possible loss of data
D:\MyGame\MyGame\MyGame.cpp(1454,52): warning C4244: 'argument': conversion from 'int' to 'float', possible loss of data
D:\MyGame\MyGame\MyGame.cpp(1455,37): warning C4244: 'argument': conversion from 'int' to 'float', possible loss of data
D:\MyGame\MyGame\MyGame.cpp(1502,33): warning C4305: 'argument': truncation from 'double' to 'float'
D:\MyGame\MyGame\MyGame.cpp(1502,26): warning C4305: 'argument': truncation from 'double' to 'float'
D:\MyGame\MyGame\MyGame.cpp(1504,31): warning C4305: 'argument': truncation from 'double' to 'float'
D:\MyGame\MyGame\MyGame.cpp(1506,31): warning C4305: 'argument': truncation from 'double' to 'float'
D:\MyGame\MyGame\MyGame.cpp(1535,81): warning C4244: 'argument': conversion from 'T' to 'T', possible loss of data
D:\MyGame\MyGame\MyGame.cpp(1535,81): warning C4244:         with
D:\MyGame\MyGame\MyGame.cpp(1535,81): warning C4244:         [
D:\MyGame\MyGame\MyGame.cpp(1535,81): warning C4244:             T=unsigned int
D:\MyGame\MyGame\MyGame.cpp(1535,81): warning C4244:         ]
D:\MyGame\MyGame\MyGame.cpp(1535,81): warning C4244:         and
D:\MyGame\MyGame\MyGame.cpp(1535,81): warning C4244:         [
D:\MyGame\MyGame\MyGame.cpp(1535,81): warning C4244:             T=float
D:\MyGame\MyGame\MyGame.cpp(1535,81): warning C4244:         ]
D:\MyGame\MyGame\MyGame.cpp(1535,61): warning C4244: 'argument': conversion from 'T' to 'T', possible loss of data
D:\MyGame\MyGame\MyGame.cpp(1535,61): warning C4244:         with
D:\MyGame\MyGame\MyGame.cpp(1535,61): warning C4244:         [
D:\MyGame\MyGame\MyGame.cpp(1535,61): warning C4244:             T=unsigned int
D:\MyGame\MyGame\MyGame.cpp(1535,61): warning C4244:         ]
D:\MyGame\MyGame\MyGame.cpp(1535,61): warning C4244:         and
D:\MyGame\MyGame\MyGame.cpp(1535,61): warning C4244:         [
D:\MyGame\MyGame\MyGame.cpp(1535,61): warning C4244:             T=float
D:\MyGame\MyGame\MyGame.cpp(1535,61): warning C4244:         ]
D:\MyGame\MyGame\MyGame.cpp(1560,34): warning C4305: 'argument': truncation from 'double' to 'float'
D:\MyGame\MyGame\MyGame.cpp(1567,31): warning C4305: 'argument': truncation from 'double' to 'float'
D:\MyGame\MyGame\MyGame.cpp(1632,35): warning C4244: 'argument': conversion from 'int' to 'float', possible loss of data
D:\MyGame\MyGame\MyGame.cpp(1633,35): warning C4244: 'argument': conversion from 'int' to 'float', possible loss of data
D:\MyGame\MyGame\MyGame.cpp(1634,35): warning C4244: 'argument': conversion from 'int' to 'float', possible loss of data
D:\MyGame\MyGame\MyGame.cpp(1635,35): warning C4244: 'argument': conversion from 'int' to 'float', possible loss of data
D:\MyGame\MyGame\MyGame.cpp(1636,35): warning C4244: 'argument': conversion from 'int' to 'float', possible loss of data
D:\MyGame\MyGame\MyGame.cpp(1637,35): warning C4244: 'argument': conversion from 'int' to 'float', possible loss of data
D:\MyGame\MyGame\MyGame.cpp(1638,35): warning C4244: 'argument': conversion from 'int' to 'float', possible loss of data
D:\MyGame\MyGame\MyGame.cpp(1639,35): warning C4244: 'argument': conversion from 'int' to 'float', possible loss of data
D:\MyGame\MyGame\MyGame.cpp(1640,35): warning C4244: 'argument': conversion from 'int' to 'float', possible loss of data
D:\MyGame\MyGame\MyGame.cpp(1641,35): warning C4244: 'argument': conversion from 'int' to 'float', possible loss of data
D:\MyGame\MyGame\MyGame.cpp(1642,36): warning C4244: 'argument': conversion from 'int' to 'float', possible loss of data
D:\MyGame\MyGame\MyGame.cpp(1643,36): warning C4244: 'argument': conversion from 'int' to 'float', possible loss of data
D:\MyGame\MyGame\MyGame.cpp(1834,50): warning C4244: 'argument': conversion from 'int' to 'float', possible loss of data
D:\MyGame\MyGame\MyGame.cpp(1861,45): warning C4244: 'argument': conversion from 'int' to 'float', possible loss of data
D:\MyGame\MyGame\MyGame.cpp(2258,34): warning C4305: 'argument': truncation from 'double' to 'float'
D:\MyGame\MyGame\MyGame.cpp(2265,35): warning C4305: 'argument': truncation from 'double' to 'float'
  Generating code
  1 of 674 functions ( 0.1%) were compiled, the rest were copied from previous compilation.
    0 functions were new in current compilation
    5 functions had inline decision re-evaluated but remain unchanged
  Finished generating code
  MyGame.vcxproj -> D:\MyGame\x64\Release\MyGame.exe
