  MyGame.cpp
D:\MyGame\MyGame\MyGame.cpp(138,27): warning C4244: 'initializing': conversion from 'float' to 'const int', possible loss of data
D:\MyGame\MyGame\MyGame.cpp(250,32): warning C4244: '=': conversion from 'const int' to 'float', possible loss of data
D:\MyGame\MyGame\MyGame.cpp(594,46): warning C4244: 'argument': conversion from 'int' to 'float', possible loss of data
D:\MyGame\MyGame\MyGame.cpp(598,49): warning C4244: 'argument': conversion from 'int' to 'float', possible loss of data
D:\MyGame\MyGame\MyGame.cpp(663,50): warning C4244: 'argument': conversion from 'int' to 'float', possible loss of data
D:\MyGame\MyGame\MyGame.cpp(666,57): warning C4244: 'argument': conversion from 'int' to 'float', possible loss of data
D:\MyGame\MyGame\MyGame.cpp(674,58): warning C4244: 'argument': conversion from 'int' to 'float', possible loss of data
D:\MyGame\MyGame\MyGame.cpp(684,58): warning C4244: 'argument': conversion from 'int' to 'float', possible loss of data
D:\MyGame\MyGame\MyGame.cpp(695,40): warning C4244: 'argument': conversion from 'int' to 'float', possible loss of data
D:\MyGame\MyGame\MyGame.cpp(698,57): warning C4244: 'argument': conversion from 'int' to 'float', possible loss of data
D:\MyGame\MyGame\MyGame.cpp(705,61): warning C4244: 'argument': conversion from 'int' to 'float', possible loss of data
D:\MyGame\MyGame\MyGame.cpp(715,61): warning C4244: 'argument': conversion from 'int' to 'float', possible loss of data
D:\MyGame\MyGame\MyGame.cpp(1050,51): warning C4244: 'argument': conversion from 'int' to 'T', possible loss of data
D:\MyGame\MyGame\MyGame.cpp(1050,51): warning C4244:         with
D:\MyGame\MyGame\MyGame.cpp(1050,51): warning C4244:         [
D:\MyGame\MyGame\MyGame.cpp(1050,51): warning C4244:             T=float
D:\MyGame\MyGame\MyGame.cpp(1050,51): warning C4244:         ]
D:\MyGame\MyGame\MyGame.cpp(1055,51): warning C4244: 'argument': conversion from 'int' to 'T', possible loss of data
D:\MyGame\MyGame\MyGame.cpp(1055,51): warning C4244:         with
D:\MyGame\MyGame\MyGame.cpp(1055,51): warning C4244:         [
D:\MyGame\MyGame\MyGame.cpp(1055,51): warning C4244:             T=float
D:\MyGame\MyGame\MyGame.cpp(1055,51): warning C4244:         ]
D:\MyGame\MyGame\MyGame.cpp(1060,51): warning C4244: 'argument': conversion from 'int' to 'T', possible loss of data
D:\MyGame\MyGame\MyGame.cpp(1060,51): warning C4244:         with
D:\MyGame\MyGame\MyGame.cpp(1060,51): warning C4244:         [
D:\MyGame\MyGame\MyGame.cpp(1060,51): warning C4244:             T=float
D:\MyGame\MyGame\MyGame.cpp(1060,51): warning C4244:         ]
D:\MyGame\MyGame\MyGame.cpp(1065,51): warning C4244: 'argument': conversion from 'int' to 'T', possible loss of data
D:\MyGame\MyGame\MyGame.cpp(1065,51): warning C4244:         with
D:\MyGame\MyGame\MyGame.cpp(1065,51): warning C4244:         [
D:\MyGame\MyGame\MyGame.cpp(1065,51): warning C4244:             T=float
D:\MyGame\MyGame\MyGame.cpp(1065,51): warning C4244:         ]
D:\MyGame\MyGame\MyGame.cpp(1070,51): warning C4244: 'argument': conversion from 'int' to 'T', possible loss of data
D:\MyGame\MyGame\MyGame.cpp(1070,51): warning C4244:         with
D:\MyGame\MyGame\MyGame.cpp(1070,51): warning C4244:         [
D:\MyGame\MyGame\MyGame.cpp(1070,51): warning C4244:             T=float
D:\MyGame\MyGame\MyGame.cpp(1070,51): warning C4244:         ]
D:\MyGame\MyGame\MyGame.cpp(1075,51): warning C4244: 'argument': conversion from 'int' to 'T', possible loss of data
D:\MyGame\MyGame\MyGame.cpp(1075,51): warning C4244:         with
D:\MyGame\MyGame\MyGame.cpp(1075,51): warning C4244:         [
D:\MyGame\MyGame\MyGame.cpp(1075,51): warning C4244:             T=float
D:\MyGame\MyGame\MyGame.cpp(1075,51): warning C4244:         ]
D:\MyGame\MyGame\MyGame.cpp(1080,51): warning C4244: 'argument': conversion from 'int' to 'T', possible loss of data
D:\MyGame\MyGame\MyGame.cpp(1080,51): warning C4244:         with
D:\MyGame\MyGame\MyGame.cpp(1080,51): warning C4244:         [
D:\MyGame\MyGame\MyGame.cpp(1080,51): warning C4244:             T=float
D:\MyGame\MyGame\MyGame.cpp(1080,51): warning C4244:         ]
D:\MyGame\MyGame\MyGame.cpp(1086,51): warning C4244: 'argument': conversion from 'int' to 'T', possible loss of data
D:\MyGame\MyGame\MyGame.cpp(1086,51): warning C4244:         with
D:\MyGame\MyGame\MyGame.cpp(1086,51): warning C4244:         [
D:\MyGame\MyGame\MyGame.cpp(1086,51): warning C4244:             T=float
D:\MyGame\MyGame\MyGame.cpp(1086,51): warning C4244:         ]
D:\MyGame\MyGame\MyGame.cpp(1091,51): warning C4244: 'argument': conversion from 'int' to 'T', possible loss of data
D:\MyGame\MyGame\MyGame.cpp(1091,51): warning C4244:         with
D:\MyGame\MyGame\MyGame.cpp(1091,51): warning C4244:         [
D:\MyGame\MyGame\MyGame.cpp(1091,51): warning C4244:             T=float
D:\MyGame\MyGame\MyGame.cpp(1091,51): warning C4244:         ]
D:\MyGame\MyGame\MyGame.cpp(1096,51): warning C4244: 'argument': conversion from 'int' to 'T', possible loss of data
D:\MyGame\MyGame\MyGame.cpp(1096,51): warning C4244:         with
D:\MyGame\MyGame\MyGame.cpp(1096,51): warning C4244:         [
D:\MyGame\MyGame\MyGame.cpp(1096,51): warning C4244:             T=float
D:\MyGame\MyGame\MyGame.cpp(1096,51): warning C4244:         ]
D:\MyGame\MyGame\MyGame.cpp(1101,52): warning C4244: 'argument': conversion from 'int' to 'T', possible loss of data
D:\MyGame\MyGame\MyGame.cpp(1101,52): warning C4244:         with
D:\MyGame\MyGame\MyGame.cpp(1101,52): warning C4244:         [
D:\MyGame\MyGame\MyGame.cpp(1101,52): warning C4244:             T=float
D:\MyGame\MyGame\MyGame.cpp(1101,52): warning C4244:         ]
D:\MyGame\MyGame\MyGame.cpp(1106,52): warning C4244: 'argument': conversion from 'int' to 'T', possible loss of data
D:\MyGame\MyGame\MyGame.cpp(1106,52): warning C4244:         with
D:\MyGame\MyGame\MyGame.cpp(1106,52): warning C4244:         [
D:\MyGame\MyGame\MyGame.cpp(1106,52): warning C4244:             T=float
D:\MyGame\MyGame\MyGame.cpp(1106,52): warning C4244:         ]
D:\MyGame\MyGame\MyGame.cpp(1111,52): warning C4244: 'argument': conversion from 'int' to 'T', possible loss of data
D:\MyGame\MyGame\MyGame.cpp(1111,52): warning C4244:         with
D:\MyGame\MyGame\MyGame.cpp(1111,52): warning C4244:         [
D:\MyGame\MyGame\MyGame.cpp(1111,52): warning C4244:             T=float
D:\MyGame\MyGame\MyGame.cpp(1111,52): warning C4244:         ]
D:\MyGame\MyGame\MyGame.cpp(1206,29): warning C4305: 'argument': truncation from 'double' to 'float'
D:\MyGame\MyGame\MyGame.cpp(1206,24): warning C4305: 'argument': truncation from 'double' to 'float'
D:\MyGame\MyGame\MyGame.cpp(1207,29): warning C4305: 'argument': truncation from 'double' to 'float'
D:\MyGame\MyGame\MyGame.cpp(1207,24): warning C4305: 'argument': truncation from 'double' to 'float'
D:\MyGame\MyGame\MyGame.cpp(1208,29): warning C4305: 'argument': truncation from 'double' to 'float'
D:\MyGame\MyGame\MyGame.cpp(1208,24): warning C4305: 'argument': truncation from 'double' to 'float'
D:\MyGame\MyGame\MyGame.cpp(1209,30): warning C4305: 'argument': truncation from 'double' to 'float'
D:\MyGame\MyGame\MyGame.cpp(1209,24): warning C4305: 'argument': truncation from 'double' to 'float'
D:\MyGame\MyGame\MyGame.cpp(1237,45): warning C4244: 'argument': conversion from 'int' to 'float', possible loss of data
D:\MyGame\MyGame\MyGame.cpp(1366,34): warning C4305: '-=': truncation from 'double' to 'float'
D:\MyGame\MyGame\MyGame.cpp(1373,38): warning C4305: '-=': truncation from 'double' to 'float'
D:\MyGame\MyGame\MyGame.cpp(1379,32): warning C4305: '-=': truncation from 'double' to 'float'
D:\MyGame\MyGame\MyGame.cpp(1401,83): warning C4244: 'argument': conversion from 'int' to 'float', possible loss of data
D:\MyGame\MyGame\MyGame.cpp(1402,80): warning C4244: 'argument': conversion from 'int' to 'float', possible loss of data
D:\MyGame\MyGame\MyGame.cpp(1438,41): warning C4244: 'argument': conversion from 'int' to 'float', possible loss of data
D:\MyGame\MyGame\MyGame.cpp(1439,52): warning C4244: 'argument': conversion from 'int' to 'float', possible loss of data
D:\MyGame\MyGame\MyGame.cpp(1440,37): warning C4244: 'argument': conversion from 'int' to 'float', possible loss of data
D:\MyGame\MyGame\MyGame.cpp(1486,33): warning C4305: 'argument': truncation from 'double' to 'float'
D:\MyGame\MyGame\MyGame.cpp(1486,26): warning C4305: 'argument': truncation from 'double' to 'float'
D:\MyGame\MyGame\MyGame.cpp(1488,31): warning C4305: 'argument': truncation from 'double' to 'float'
D:\MyGame\MyGame\MyGame.cpp(1490,31): warning C4305: 'argument': truncation from 'double' to 'float'
D:\MyGame\MyGame\MyGame.cpp(1519,81): warning C4244: 'argument': conversion from 'T' to 'T', possible loss of data
D:\MyGame\MyGame\MyGame.cpp(1519,81): warning C4244:         with
D:\MyGame\MyGame\MyGame.cpp(1519,81): warning C4244:         [
D:\MyGame\MyGame\MyGame.cpp(1519,81): warning C4244:             T=unsigned int
D:\MyGame\MyGame\MyGame.cpp(1519,81): warning C4244:         ]
D:\MyGame\MyGame\MyGame.cpp(1519,81): warning C4244:         and
D:\MyGame\MyGame\MyGame.cpp(1519,81): warning C4244:         [
D:\MyGame\MyGame\MyGame.cpp(1519,81): warning C4244:             T=float
D:\MyGame\MyGame\MyGame.cpp(1519,81): warning C4244:         ]
D:\MyGame\MyGame\MyGame.cpp(1519,61): warning C4244: 'argument': conversion from 'T' to 'T', possible loss of data
D:\MyGame\MyGame\MyGame.cpp(1519,61): warning C4244:         with
D:\MyGame\MyGame\MyGame.cpp(1519,61): warning C4244:         [
D:\MyGame\MyGame\MyGame.cpp(1519,61): warning C4244:             T=unsigned int
D:\MyGame\MyGame\MyGame.cpp(1519,61): warning C4244:         ]
D:\MyGame\MyGame\MyGame.cpp(1519,61): warning C4244:         and
D:\MyGame\MyGame\MyGame.cpp(1519,61): warning C4244:         [
D:\MyGame\MyGame\MyGame.cpp(1519,61): warning C4244:             T=float
D:\MyGame\MyGame\MyGame.cpp(1519,61): warning C4244:         ]
D:\MyGame\MyGame\MyGame.cpp(1616,35): warning C4244: 'argument': conversion from 'int' to 'float', possible loss of data
D:\MyGame\MyGame\MyGame.cpp(1617,35): warning C4244: 'argument': conversion from 'int' to 'float', possible loss of data
D:\MyGame\MyGame\MyGame.cpp(1618,35): warning C4244: 'argument': conversion from 'int' to 'float', possible loss of data
D:\MyGame\MyGame\MyGame.cpp(1619,35): warning C4244: 'argument': conversion from 'int' to 'float', possible loss of data
D:\MyGame\MyGame\MyGame.cpp(1620,35): warning C4244: 'argument': conversion from 'int' to 'float', possible loss of data
D:\MyGame\MyGame\MyGame.cpp(1621,35): warning C4244: 'argument': conversion from 'int' to 'float', possible loss of data
D:\MyGame\MyGame\MyGame.cpp(1622,35): warning C4244: 'argument': conversion from 'int' to 'float', possible loss of data
D:\MyGame\MyGame\MyGame.cpp(1623,35): warning C4244: 'argument': conversion from 'int' to 'float', possible loss of data
D:\MyGame\MyGame\MyGame.cpp(1624,35): warning C4244: 'argument': conversion from 'int' to 'float', possible loss of data
D:\MyGame\MyGame\MyGame.cpp(1625,35): warning C4244: 'argument': conversion from 'int' to 'float', possible loss of data
D:\MyGame\MyGame\MyGame.cpp(1626,36): warning C4244: 'argument': conversion from 'int' to 'float', possible loss of data
D:\MyGame\MyGame\MyGame.cpp(1627,36): warning C4244: 'argument': conversion from 'int' to 'float', possible loss of data
D:\MyGame\MyGame\MyGame.cpp(1819,50): warning C4244: 'argument': conversion from 'int' to 'float', possible loss of data
D:\MyGame\MyGame\MyGame.cpp(1846,45): warning C4244: 'argument': conversion from 'int' to 'float', possible loss of data
  MyGame.vcxproj -> D:\MyGame\x64\Debug\MyGame.exe
